<?xml version="1.0" encoding="UTF-8"?>
<testsuite xmlns:xsi="http://www.w3.org/2001/XMLSchema-instance" xsi:noNamespaceSchemaLocation="https://maven.apache.org/surefire/maven-surefire-plugin/xsd/surefire-test-report-3.0.xsd" version="3.0" name="com.academic.AcademicManagementPjApplicationTests" time="4.613" tests="1" errors="0" skipped="0" failures="0">
  <properties>
[...]
</properties>
  <testcase name="contextLoads" classname="com.academic.AcademicManagementPjApplicationTests" time="0.986">
    <system-out><![CDATA[00:49:22.763 [main] INFO org.springframework.test.context.support.AnnotationConfigContextLoaderUtils -- Could not detect default configuration classes for test class [com.academic.AcademicManagementPjApplicationTests]: AcademicManagementPjApplicationTests does not declare any static, non-private, non-final, nested classes annotated with @Configuration.
00:49:22.876 [main] INFO org.springframework.boot.test.context.SpringBootTestContextBootstrapper -- Found @SpringBootConfiguration com.academic.AcademicManagementPjApplication for test class com.academic.AcademicManagementPjApplicationTests
00:49:23.101 [main] INFO org.springframework.boot.devtools.restart.RestartApplicationListener -- Restart disabled due to context in which it is running

  .   ____          _            __ _ _
 /\\ / ___'_ __ _ _(_)_ __  __ _ \ \ \ \
( ( )\___ | '_ | '_| | '_ \/ _` | \ \ \ \
 \\/  ___)| |_)| | | | | || (_| |  ) ) ) )
  '  |____| .__|_| |_|_| |_\__, | / / / /
 =========|_|==============|___/=/_/_/_/

 :: Spring Boot ::                (v3.3.1)

2024-08-06T00:49:23.423+09:00  INFO 5784 --- [Academic management PJ] [           main] c.a.AcademicManagementPjApplicationTests : Starting AcademicManagementPjApplicationTests using Java 17.0.12 with PID 5784 (started by kuhuhu in G:\웹개발\Academic-management-PJ)
2024-08-06T00:49:23.425+09:00  INFO 5784 --- [Academic management PJ] [           main] c.a.AcademicManagementPjApplicationTests : No active profile set, falling back to 1 default profile: "default"
2024-08-06T00:49:25.406+09:00  INFO 5784 --- [Academic management PJ] [           main] r$InitializeUserDetailsManagerConfigurer : Global AuthenticationManager configured with UserDetailsService bean with name customUserDetailsService
2024-08-06T00:49:25.793+09:00  WARN 5784 --- [Academic management PJ] [           main] o.s.s.c.a.web.builders.WebSecurity       : You are asking Spring Security to ignore org.springframework.boot.autoconfigure.security.servlet.StaticResourceRequest$StaticResourceRequestMatcher@5d601832. This is not recommended -- please use permitAll via HttpSecurity#authorizeHttpRequests instead.
2024-08-06T00:49:26.195+09:00  INFO 5784 --- [Academic management PJ] [           main] c.a.AcademicManagementPjApplicationTests : Started AcademicManagementPjApplicationTests in 3.115 seconds (process running for 4.29)
]]></system-out>
  </testcase>
</testsuite>