<?xml version="1.0" encoding="UTF-8"?>
<testsuite xmlns:xsi="http://www.w3.org/2001/XMLSchema-instance" xsi:noNamespaceSchemaLocation="https://maven.apache.org/surefire/maven-surefire-plugin/xsd/surefire-test-report-3.0.xsd" version="3.0" name="com.academic.AcademicManagementPjApplicationTests" time="8.034" tests="1" errors="0" skipped="0" failures="0">
  <properties>
[...]
</properties>
  <testcase name="contextLoads" classname="com.academic.AcademicManagementPjApplicationTests" time="1.76">
    <system-out><![CDATA[21:15:44.559 [main] INFO org.springframework.test.context.support.AnnotationConfigContextLoaderUtils -- Could not detect default configuration classes for test class [com.academic.AcademicManagementPjApplicationTests]: AcademicManagementPjApplicationTests does not declare any static, non-private, non-final, nested classes annotated with @Configuration.
21:15:44.791 [main] INFO org.springframework.boot.test.context.SpringBootTestContextBootstrapper -- Found @SpringBootConfiguration com.academic.AcademicManagementPjApplication for test class com.academic.AcademicManagementPjApplicationTests
21:15:45.292 [main] INFO org.springframework.boot.devtools.restart.RestartApplicationListener -- Restart disabled due to context in which it is running

  .   ____          _            __ _ _
 /\\ / ___'_ __ _ _(_)_ __  __ _ \ \ \ \
( ( )\___ | '_ | '_| | '_ \/ _` | \ \ \ \
 \\/  ___)| |_)| | | | | || (_| |  ) ) ) )
  '  |____| .__|_| |_|_| |_\__, | / / / /
 =========|_|==============|___/=/_/_/_/

 :: Spring Boot ::                (v3.3.1)

2024-08-05T21:15:45.896+09:00  INFO 16724 --- [Academic management PJ] [           main] c.a.AcademicManagementPjApplicationTests : Starting AcademicManagementPjApplicationTests using Java 17.0.11 with PID 16724 (started by SAMSUNG in C:\인텔리제이 정품\Academic-management-PJ)
2024-08-05T21:15:45.900+09:00  INFO 16724 --- [Academic management PJ] [           main] c.a.AcademicManagementPjApplicationTests : No active profile set, falling back to 1 default profile: "default"
2024-08-05T21:15:49.000+09:00  INFO 16724 --- [Academic management PJ] [           main] r$InitializeUserDetailsManagerConfigurer : Global AuthenticationManager configured with UserDetailsService bean with name customUserDetailsService
2024-08-05T21:15:49.659+09:00  WARN 16724 --- [Academic management PJ] [           main] o.s.s.c.a.web.builders.WebSecurity       : You are asking Spring Security to ignore org.springframework.boot.autoconfigure.security.servlet.StaticResourceRequest$StaticResourceRequestMatcher@5cce40d7. This is not recommended -- please use permitAll via HttpSecurity#authorizeHttpRequests instead.
2024-08-05T21:15:50.455+09:00  INFO 16724 --- [Academic management PJ] [           main] c.a.AcademicManagementPjApplicationTests : Started AcademicManagementPjApplicationTests in 5.208 seconds (process running for 7.381)
]]></system-out>
  </testcase>
</testsuite>